c:\projects\opengl-course\debug\vc143.pdb
c:\projects\opengl-course\debug\vc143.idb
c:\projects\opengl-course\debug\mesh.obj
c:\projects\opengl-course\debug\gameobject.obj
c:\projects\opengl-course\debug\game.obj
c:\projects\opengl-course\debug\objloader.obj
c:\projects\opengl-course\debug\toolbar.obj
c:\projects\opengl-course\debug\inspector.obj
c:\projects\opengl-course\debug\hierarchy.obj
c:\projects\opengl-course\debug\contentselector.obj
c:\projects\opengl-course\debug\editor.obj
c:\projects\opengl-course\debug\cube.obj
c:\projects\opengl-course\debug\camera.obj
c:\projects\opengl-course\debug\main.obj
c:\projects\opengl-course\debug\stb_image.obj
c:\projects\opengl-course\debug\imgui_widgets.obj
c:\projects\opengl-course\debug\imgui_tables.obj
c:\projects\opengl-course\debug\imgui_impl_opengl3.obj
c:\projects\opengl-course\debug\imgui_impl_glfw.obj
c:\projects\opengl-course\debug\imgui_draw.obj
c:\projects\opengl-course\debug\imgui_demo.obj
c:\projects\opengl-course\debug\imgui.obj
c:\projects\opengl-course\debug\shader.obj
c:\projects\opengl-course\debug\texture.obj
c:\projects\opengl-course\debug\glad.obj
c:\projects\opengl-course\debug\gengine-3d.exe
c:\projects\opengl-course\debug\gengine-3d.ilk
c:\projects\opengl-course\debug\gengine-3d.pdb
c:\projects\opengl-course\debug\game.obj.enc
c:\projects\opengl-course\debug\gengine-3d.tlog\cl.command.1.tlog
c:\projects\opengl-course\debug\gengine-3d.tlog\cl.items.tlog
c:\projects\opengl-course\debug\gengine-3d.tlog\cl.read.1.tlog
c:\projects\opengl-course\debug\gengine-3d.tlog\cl.write.1.tlog
c:\projects\opengl-course\debug\gengine-3d.tlog\link.command.1.tlog
c:\projects\opengl-course\debug\gengine-3d.tlog\link.read.1.tlog
c:\projects\opengl-course\debug\gengine-3d.tlog\link.write.1.tlog
