  Scanning sources for module dependencies...
  Component.h
  Compiling...
  Component.h
  imgui.cpp
  imgui_demo.cpp
  imgui_draw.cpp
  imgui_impl_glfw.cpp
  imgui_impl_opengl3.cpp
  imgui_tables.cpp
  imgui_widgets.cpp
  stb_image.cpp
  main.cpp
C:\Projects\OpenGL-Course\dependencies\glad\include\glad\glad.h(321,1): warning C4005: 'GL_ALL_ATTRIB_BITS': macro redefinition
C:\Program Files (x86)\Windows Kits\10\Include\10.0.22621.0\um\GL\gl.h(107,1): message : see previous definition of 'GL_ALL_ATTRIB_BITS'
C:\Projects\OpenGL-Course\dependencies\glad\include\glad\glad.h(409,1): warning C4005: 'GL_LOGIC_OP': macro redefinition
C:\Program Files (x86)\Windows Kits\10\Include\10.0.22621.0\um\GL\gl.h(1152,1): message : see previous definition of 'GL_LOGIC_OP'
C:\Projects\OpenGL-Course\dependencies\glad\include\glad\glad.h(493,1): warning C4005: 'GL_TEXTURE_COMPONENTS': macro redefinition
C:\Program Files (x86)\Windows Kits\10\Include\10.0.22621.0\um\GL\gl.h(1153,1): message : see previous definition of 'GL_TEXTURE_COMPONENTS'
C:\Projects\OpenGL-Course\dependencies\glad\include\glad\glad.h(587,1): warning C4005: 'GL_CLIENT_ALL_ATTRIB_BITS': macro redefinition
C:\Program Files (x86)\Windows Kits\10\Include\10.0.22621.0\um\GL\gl.h(973,1): message : see previous definition of 'GL_CLIENT_ALL_ATTRIB_BITS'
C:\Projects\OpenGL-Course\src\GameObject.h(23,3): warning C4150: deletion of pointer to incomplete type 'Mesh'; no destructor called
C:\Projects\OpenGL-Course\src\GameObject.h(14,7): message : see declaration of 'Mesh'
C:\Program Files (x86)\Windows Kits\10\Include\10.0.22621.0\shared\minwindef.h(130,1): warning C4005: 'APIENTRY': macro redefinition
C:\Projects\OpenGL-Course\dependencies\glfw\include\glfw3.h(123,1): message : see previous definition of 'APIENTRY'
C:\Projects\OpenGL-Course\main.cpp(44,17): warning C4244: '=': conversion from 'double' to 'float', possible loss of data
C:\Projects\OpenGL-Course\main.cpp(45,17): warning C4244: '=': conversion from 'double' to 'float', possible loss of data
C:\Projects\OpenGL-Course\main.cpp(49,19): warning C4244: 'initializing': conversion from 'double' to 'float', possible loss of data
C:\Projects\OpenGL-Course\main.cpp(50,19): warning C4244: 'initializing': conversion from 'double' to 'float', possible loss of data
C:\Projects\OpenGL-Course\main.cpp(52,13): warning C4244: '=': conversion from 'double' to 'float', possible loss of data
C:\Projects\OpenGL-Course\main.cpp(53,13): warning C4244: '=': conversion from 'double' to 'float', possible loss of data
C:\Projects\OpenGL-Course\main.cpp(91,28): warning C4244: 'initializing': conversion from 'double' to 'float', possible loss of data
  Camera.cpp
  Editor.cpp
C:\Projects\OpenGL-Course\src\GameObject.h(23,3): warning C4150: deletion of pointer to incomplete type 'Mesh'; no destructor called
C:\Projects\OpenGL-Course\src\GameObject.h(14,7): message : see declaration of 'Mesh'
C:\Program Files (x86)\Windows Kits\10\Include\10.0.22621.0\shared\minwindef.h(130,1): warning C4005: 'APIENTRY': macro redefinition
C:\Projects\OpenGL-Course\dependencies\glfw\include\glfw3.h(123,1): message : see previous definition of 'APIENTRY'
  ContentBrowser.cpp
C:\Projects\OpenGL-Course\src\GameObject.h(23,3): warning C4150: deletion of pointer to incomplete type 'Mesh'; no destructor called
C:\Projects\OpenGL-Course\src\GameObject.h(14,7): message : see declaration of 'Mesh'
C:\Program Files (x86)\Windows Kits\10\Include\10.0.22621.0\shared\minwindef.h(130,1): warning C4005: 'APIENTRY': macro redefinition
C:\Projects\OpenGL-Course\dependencies\glfw\include\glfw3.h(123,1): message : see previous definition of 'APIENTRY'
  Hierarchy.cpp
C:\Projects\OpenGL-Course\src\GameObject.h(23,3): warning C4150: deletion of pointer to incomplete type 'Mesh'; no destructor called
C:\Projects\OpenGL-Course\src\GameObject.h(14,7): message : see declaration of 'Mesh'
C:\Program Files (x86)\Windows Kits\10\Include\10.0.22621.0\shared\minwindef.h(130,1): warning C4005: 'APIENTRY': macro redefinition
C:\Projects\OpenGL-Course\dependencies\glfw\include\glfw3.h(123,1): message : see previous definition of 'APIENTRY'
  Inspector.cpp
C:\Program Files (x86)\Windows Kits\10\Include\10.0.22621.0\shared\minwindef.h(130,1): warning C4005: 'APIENTRY': macro redefinition
C:\Projects\OpenGL-Course\dependencies\glfw\include\glfw3.h(123,1): message : see previous definition of 'APIENTRY'
  Log.cpp
C:\Projects\OpenGL-Course\src\GameObject.h(23,3): warning C4150: deletion of pointer to incomplete type 'Mesh'; no destructor called
C:\Projects\OpenGL-Course\src\GameObject.h(14,7): message : see declaration of 'Mesh'
C:\Program Files (x86)\Windows Kits\10\Include\10.0.22621.0\shared\minwindef.h(130,1): warning C4005: 'APIENTRY': macro redefinition
C:\Projects\OpenGL-Course\dependencies\glfw\include\glfw3.h(123,1): message : see previous definition of 'APIENTRY'
  Profiler.cpp
  ToolBar.cpp
C:\Program Files (x86)\Windows Kits\10\Include\10.0.22621.0\shared\minwindef.h(130,1): warning C4005: 'APIENTRY': macro redefinition
C:\Projects\OpenGL-Course\dependencies\glfw\include\glfw3.h(123,1): message : see previous definition of 'APIENTRY'
  ComponentManager.cpp
C:\Projects\OpenGL-Course\src\engine\ComponentManager.h(16,13): warning C4150: deletion of pointer to incomplete type 'Component'; no destructor called
C:\Projects\OpenGL-Course\src\engine\ComponentManager.h(9,7): message : see declaration of 'Component'
  MeshComponent.cpp
C:\Program Files (x86)\Windows Kits\10\Include\10.0.22621.0\shared\minwindef.h(130,1): warning C4005: 'APIENTRY': macro redefinition
C:\Projects\OpenGL-Course\dependencies\glfw\include\glfw3.h(123,1): message : see previous definition of 'APIENTRY'
  TestMoveComponent.cpp
C:\Program Files (x86)\Windows Kits\10\Include\10.0.22621.0\shared\minwindef.h(130,1): warning C4005: 'APIENTRY': macro redefinition
C:\Projects\OpenGL-Course\dependencies\glfw\include\glfw3.h(123,1): message : see previous definition of 'APIENTRY'
  Generating Code...
  Compiling...
  TransformComponent.cpp
C:\Program Files (x86)\Windows Kits\10\Include\10.0.22621.0\shared\minwindef.h(130,1): warning C4005: 'APIENTRY': macro redefinition
C:\Projects\OpenGL-Course\dependencies\glfw\include\glfw3.h(123,1): message : see previous definition of 'APIENTRY'
  EditorGrid.cpp
C:\Projects\OpenGL-Course\dependencies\glad\include\glad\glad.h(321,1): warning C4005: 'GL_ALL_ATTRIB_BITS': macro redefinition
C:\Program Files (x86)\Windows Kits\10\Include\10.0.22621.0\um\GL\gl.h(107,1): message : see previous definition of 'GL_ALL_ATTRIB_BITS'
C:\Projects\OpenGL-Course\dependencies\glad\include\glad\glad.h(409,1): warning C4005: 'GL_LOGIC_OP': macro redefinition
C:\Program Files (x86)\Windows Kits\10\Include\10.0.22621.0\um\GL\gl.h(1152,1): message : see previous definition of 'GL_LOGIC_OP'
C:\Projects\OpenGL-Course\dependencies\glad\include\glad\glad.h(493,1): warning C4005: 'GL_TEXTURE_COMPONENTS': macro redefinition
C:\Program Files (x86)\Windows Kits\10\Include\10.0.22621.0\um\GL\gl.h(1153,1): message : see previous definition of 'GL_TEXTURE_COMPONENTS'
C:\Projects\OpenGL-Course\dependencies\glad\include\glad\glad.h(587,1): warning C4005: 'GL_CLIENT_ALL_ATTRIB_BITS': macro redefinition
C:\Program Files (x86)\Windows Kits\10\Include\10.0.22621.0\um\GL\gl.h(973,1): message : see previous definition of 'GL_CLIENT_ALL_ATTRIB_BITS'
C:\Program Files (x86)\Windows Kits\10\Include\10.0.22621.0\shared\minwindef.h(130,1): warning C4005: 'APIENTRY': macro redefinition
C:\Projects\OpenGL-Course\dependencies\glfw\include\glfw3.h(123,1): message : see previous definition of 'APIENTRY'
C:\Projects\OpenGL-Course\src\engine\EditorGrid.cpp(75,51): warning C4244: 'argument': conversion from 'float' to 'const unsigned __int64', possible loss of data
C:\Projects\OpenGL-Course\src\engine\EditorGrid.cpp(113,42): warning C4267: 'argument': conversion from 'size_t' to 'GLsizei', possible loss of data
  MemoryStatus.cpp
C:\Projects\OpenGL-Course\src\engine\memory\MemoryStatus.cpp(22,23): warning C4244: 'initializing': conversion from 'DWORDLONG' to 'float', possible loss of data
C:\Projects\OpenGL-Course\src\engine\memory\MemoryStatus.cpp(23,22): warning C4244: 'initializing': conversion from 'DWORDLONG' to 'float', possible loss of data
  MeshOptimizer.cpp
  Message.cpp
  OBJLoader.cpp
  TextureLoader.cpp
  Game.cpp
C:\Program Files (x86)\Windows Kits\10\Include\10.0.22621.0\shared\minwindef.h(130,1): warning C4005: 'APIENTRY': macro redefinition
C:\Projects\OpenGL-Course\dependencies\glfw\include\glfw3.h(123,1): message : see previous definition of 'APIENTRY'
  GameObject.cpp
C:\Projects\OpenGL-Course\src\GameObject.h(23,3): warning C4150: deletion of pointer to incomplete type 'Mesh'; no destructor called
C:\Projects\OpenGL-Course\src\GameObject.h(14,7): message : see declaration of 'Mesh'
C:\Projects\OpenGL-Course\src\GameObject.cpp(80,28): warning C4390: ';': empty controlled statement found; is this the intent?
  Mesh.cpp
C:\Projects\OpenGL-Course\dependencies\glad\include\glad\glad.h(321,1): warning C4005: 'GL_ALL_ATTRIB_BITS': macro redefinition
C:\Program Files (x86)\Windows Kits\10\Include\10.0.22621.0\um\GL\gl.h(107,1): message : see previous definition of 'GL_ALL_ATTRIB_BITS'
C:\Projects\OpenGL-Course\dependencies\glad\include\glad\glad.h(409,1): warning C4005: 'GL_LOGIC_OP': macro redefinition
C:\Program Files (x86)\Windows Kits\10\Include\10.0.22621.0\um\GL\gl.h(1152,1): message : see previous definition of 'GL_LOGIC_OP'
C:\Projects\OpenGL-Course\dependencies\glad\include\glad\glad.h(493,1): warning C4005: 'GL_TEXTURE_COMPONENTS': macro redefinition
C:\Program Files (x86)\Windows Kits\10\Include\10.0.22621.0\um\GL\gl.h(1153,1): message : see previous definition of 'GL_TEXTURE_COMPONENTS'
C:\Projects\OpenGL-Course\dependencies\glad\include\glad\glad.h(587,1): warning C4005: 'GL_CLIENT_ALL_ATTRIB_BITS': macro redefinition
C:\Program Files (x86)\Windows Kits\10\Include\10.0.22621.0\um\GL\gl.h(973,1): message : see previous definition of 'GL_CLIENT_ALL_ATTRIB_BITS'
C:\Projects\OpenGL-Course\src\rendering\Mesh.cpp(64,50): warning C4267: 'argument': conversion from 'size_t' to 'GLsizei', possible loss of data
C:\Projects\OpenGL-Course\src\rendering\Mesh.cpp(67,68): warning C4267: 'argument': conversion from 'size_t' to 'GLsizei', possible loss of data
  Texture.cpp
C:\Projects\OpenGL-Course\dependencies\glad\include\glad\glad.h(321,1): warning C4005: 'GL_ALL_ATTRIB_BITS': macro redefinition
C:\Program Files (x86)\Windows Kits\10\Include\10.0.22621.0\um\GL\gl.h(107,1): message : see previous definition of 'GL_ALL_ATTRIB_BITS'
C:\Projects\OpenGL-Course\dependencies\glad\include\glad\glad.h(409,1): warning C4005: 'GL_LOGIC_OP': macro redefinition
C:\Program Files (x86)\Windows Kits\10\Include\10.0.22621.0\um\GL\gl.h(1152,1): message : see previous definition of 'GL_LOGIC_OP'
C:\Projects\OpenGL-Course\dependencies\glad\include\glad\glad.h(493,1): warning C4005: 'GL_TEXTURE_COMPONENTS': macro redefinition
C:\Program Files (x86)\Windows Kits\10\Include\10.0.22621.0\um\GL\gl.h(1153,1): message : see previous definition of 'GL_TEXTURE_COMPONENTS'
C:\Projects\OpenGL-Course\dependencies\glad\include\glad\glad.h(587,1): warning C4005: 'GL_CLIENT_ALL_ATTRIB_BITS': macro redefinition
C:\Program Files (x86)\Windows Kits\10\Include\10.0.22621.0\um\GL\gl.h(973,1): message : see previous definition of 'GL_CLIENT_ALL_ATTRIB_BITS'
  Shader.cpp
C:\Projects\OpenGL-Course\dependencies\glad\include\glad\glad.h(321,1): warning C4005: 'GL_ALL_ATTRIB_BITS': macro redefinition
C:\Program Files (x86)\Windows Kits\10\Include\10.0.22621.0\um\GL\gl.h(107,1): message : see previous definition of 'GL_ALL_ATTRIB_BITS'
C:\Projects\OpenGL-Course\dependencies\glad\include\glad\glad.h(409,1): warning C4005: 'GL_LOGIC_OP': macro redefinition
C:\Program Files (x86)\Windows Kits\10\Include\10.0.22621.0\um\GL\gl.h(1152,1): message : see previous definition of 'GL_LOGIC_OP'
C:\Projects\OpenGL-Course\dependencies\glad\include\glad\glad.h(493,1): warning C4005: 'GL_TEXTURE_COMPONENTS': macro redefinition
C:\Program Files (x86)\Windows Kits\10\Include\10.0.22621.0\um\GL\gl.h(1153,1): message : see previous definition of 'GL_TEXTURE_COMPONENTS'
C:\Projects\OpenGL-Course\dependencies\glad\include\glad\glad.h(587,1): warning C4005: 'GL_CLIENT_ALL_ATTRIB_BITS': macro redefinition
C:\Program Files (x86)\Windows Kits\10\Include\10.0.22621.0\um\GL\gl.h(973,1): message : see previous definition of 'GL_CLIENT_ALL_ATTRIB_BITS'
  Generating Code...
  glad.c
imgui_impl_glfw.obj : error LNK2019: unresolved external symbol glfwGetError referenced in function "bool __cdecl ImGui_ImplGlfw_Init(struct GLFWwindow *,bool,enum GlfwClientApi)" (?ImGui_ImplGlfw_Init@@YA_NPEAUGLFWwindow@@_NW4GlfwClientApi@@@Z)
imgui_impl_glfw.obj : error LNK2019: unresolved external symbol glfwSetErrorCallback referenced in function "bool __cdecl ImGui_ImplGlfw_Init(struct GLFWwindow *,bool,enum GlfwClientApi)" (?ImGui_ImplGlfw_Init@@YA_NPEAUGLFWwindow@@_NW4GlfwClientApi@@@Z)
imgui_impl_glfw.obj : error LNK2019: unresolved external symbol glfwSetMonitorCallback referenced in function "void __cdecl ImGui_ImplGlfw_InstallCallbacks(struct GLFWwindow *)" (?ImGui_ImplGlfw_InstallCallbacks@@YAXPEAUGLFWwindow@@@Z)
imgui_impl_glfw.obj : error LNK2019: unresolved external symbol glfwGetWindowSize referenced in function "void __cdecl ImGui_ImplGlfw_NewFrame(void)" (?ImGui_ImplGlfw_NewFrame@@YAXXZ)
imgui_impl_glfw.obj : error LNK2019: unresolved external symbol glfwGetFramebufferSize referenced in function "void __cdecl ImGui_ImplGlfw_NewFrame(void)" (?ImGui_ImplGlfw_NewFrame@@YAXXZ)
imgui_impl_glfw.obj : error LNK2019: unresolved external symbol glfwGetWindowAttrib referenced in function "void __cdecl ImGui_ImplGlfw_UpdateMouseData(void)" (?ImGui_ImplGlfw_UpdateMouseData@@YAXXZ)
imgui_impl_glfw.obj : error LNK2019: unresolved external symbol glfwSetWindowFocusCallback referenced in function "void __cdecl ImGui_ImplGlfw_InstallCallbacks(struct GLFWwindow *)" (?ImGui_ImplGlfw_InstallCallbacks@@YAXPEAUGLFWwindow@@@Z)
imgui_impl_glfw.obj : error LNK2019: unresolved external symbol glfwGetInputMode referenced in function "void __cdecl ImGui_ImplGlfw_UpdateMouseCursor(void)" (?ImGui_ImplGlfw_UpdateMouseCursor@@YAXXZ)
imgui_impl_glfw.obj : error LNK2019: unresolved external symbol glfwSetInputMode referenced in function "void __cdecl ImGui_ImplGlfw_UpdateMouseCursor(void)" (?ImGui_ImplGlfw_UpdateMouseCursor@@YAXXZ)
main.obj : error LNK2001: unresolved external symbol glfwSetInputMode
imgui_impl_glfw.obj : error LNK2019: unresolved external symbol glfwGetKeyName referenced in function "int __cdecl ImGui_ImplGlfw_TranslateUntranslatedKey(int,int)" (?ImGui_ImplGlfw_TranslateUntranslatedKey@@YAHHH@Z)
imgui_impl_glfw.obj : error LNK2019: unresolved external symbol glfwGetKey referenced in function "void __cdecl ImGui_ImplGlfw_UpdateKeyModifiers(struct GLFWwindow *)" (?ImGui_ImplGlfw_UpdateKeyModifiers@@YAXPEAUGLFWwindow@@@Z)
Camera.obj : error LNK2001: unresolved external symbol glfwGetKey
imgui_impl_glfw.obj : error LNK2019: unresolved external symbol glfwGetCursorPos referenced in function "void __cdecl ImGui_ImplGlfw_UpdateMouseData(void)" (?ImGui_ImplGlfw_UpdateMouseData@@YAXXZ)
imgui_impl_glfw.obj : error LNK2019: unresolved external symbol glfwSetCursorPos referenced in function "void __cdecl ImGui_ImplGlfw_UpdateMouseData(void)" (?ImGui_ImplGlfw_UpdateMouseData@@YAXXZ)
imgui_impl_glfw.obj : error LNK2019: unresolved external symbol glfwCreateStandardCursor referenced in function "bool __cdecl ImGui_ImplGlfw_Init(struct GLFWwindow *,bool,enum GlfwClientApi)" (?ImGui_ImplGlfw_Init@@YA_NPEAUGLFWwindow@@_NW4GlfwClientApi@@@Z)
imgui_impl_glfw.obj : error LNK2019: unresolved external symbol glfwDestroyCursor referenced in function "void __cdecl ImGui_ImplGlfw_Shutdown(void)" (?ImGui_ImplGlfw_Shutdown@@YAXXZ)
imgui_impl_glfw.obj : error LNK2019: unresolved external symbol glfwSetCursor referenced in function "void __cdecl ImGui_ImplGlfw_UpdateMouseCursor(void)" (?ImGui_ImplGlfw_UpdateMouseCursor@@YAXXZ)
imgui_impl_glfw.obj : error LNK2019: unresolved external symbol glfwSetKeyCallback referenced in function "void __cdecl ImGui_ImplGlfw_InstallCallbacks(struct GLFWwindow *)" (?ImGui_ImplGlfw_InstallCallbacks@@YAXPEAUGLFWwindow@@@Z)
imgui_impl_glfw.obj : error LNK2019: unresolved external symbol glfwSetCharCallback referenced in function "void __cdecl ImGui_ImplGlfw_InstallCallbacks(struct GLFWwindow *)" (?ImGui_ImplGlfw_InstallCallbacks@@YAXPEAUGLFWwindow@@@Z)
imgui_impl_glfw.obj : error LNK2019: unresolved external symbol glfwSetMouseButtonCallback referenced in function "void __cdecl ImGui_ImplGlfw_InstallCallbacks(struct GLFWwindow *)" (?ImGui_ImplGlfw_InstallCallbacks@@YAXPEAUGLFWwindow@@@Z)
imgui_impl_glfw.obj : error LNK2019: unresolved external symbol glfwSetCursorPosCallback referenced in function "void __cdecl ImGui_ImplGlfw_InstallCallbacks(struct GLFWwindow *)" (?ImGui_ImplGlfw_InstallCallbacks@@YAXPEAUGLFWwindow@@@Z)
main.obj : error LNK2001: unresolved external symbol glfwSetCursorPosCallback
imgui_impl_glfw.obj : error LNK2019: unresolved external symbol glfwSetCursorEnterCallback referenced in function "void __cdecl ImGui_ImplGlfw_InstallCallbacks(struct GLFWwindow *)" (?ImGui_ImplGlfw_InstallCallbacks@@YAXPEAUGLFWwindow@@@Z)
imgui_impl_glfw.obj : error LNK2019: unresolved external symbol glfwSetScrollCallback referenced in function "void __cdecl ImGui_ImplGlfw_InstallCallbacks(struct GLFWwindow *)" (?ImGui_ImplGlfw_InstallCallbacks@@YAXPEAUGLFWwindow@@@Z)
imgui_impl_glfw.obj : error LNK2019: unresolved external symbol glfwGetGamepadState referenced in function "void __cdecl ImGui_ImplGlfw_UpdateGamepads(void)" (?ImGui_ImplGlfw_UpdateGamepads@@YAXXZ)
imgui_impl_glfw.obj : error LNK2019: unresolved external symbol glfwSetClipboardString referenced in function "public: __cdecl `bool __cdecl ImGui_ImplGlfw_Init(struct GLFWwindow *,bool,enum GlfwClientApi)'::`2'::<lambda_1>::operator()(struct ImGuiContext *,char const *)const " (??R<lambda_1>@?1??ImGui_ImplGlfw_Init@@YA_NPEAUGLFWwindow@@_NW4GlfwClientApi@@@Z@QEBA@PEAUImGuiContext@@PEBD@Z)
imgui_impl_glfw.obj : error LNK2019: unresolved external symbol glfwGetClipboardString referenced in function "public: __cdecl `bool __cdecl ImGui_ImplGlfw_Init(struct GLFWwindow *,bool,enum GlfwClientApi)'::`2'::<lambda_2>::operator()(struct ImGuiContext *)const " (??R<lambda_2>@?1??ImGui_ImplGlfw_Init@@YA_NPEAUGLFWwindow@@_NW4GlfwClientApi@@@Z@QEBA@PEAUImGuiContext@@@Z)
imgui_impl_glfw.obj : error LNK2019: unresolved external symbol glfwGetTime referenced in function "void __cdecl ImGui_ImplGlfw_NewFrame(void)" (?ImGui_ImplGlfw_NewFrame@@YAXXZ)
main.obj : error LNK2001: unresolved external symbol glfwGetTime
imgui_impl_glfw.obj : error LNK2019: unresolved external symbol glfwGetWin32Window referenced in function "bool __cdecl ImGui_ImplGlfw_Init(struct GLFWwindow *,bool,enum GlfwClientApi)" (?ImGui_ImplGlfw_Init@@YA_NPEAUGLFWwindow@@_NW4GlfwClientApi@@@Z)
main.obj : error LNK2019: unresolved external symbol glfwInit referenced in function main
main.obj : error LNK2019: unresolved external symbol glfwWindowHint referenced in function main
main.obj : error LNK2019: unresolved external symbol glfwCreateWindow referenced in function main
main.obj : error LNK2019: unresolved external symbol glfwWindowShouldClose referenced in function main
main.obj : error LNK2019: unresolved external symbol glfwPollEvents referenced in function main
main.obj : error LNK2019: unresolved external symbol glfwGetMouseButton referenced in function "void __cdecl mouse_callback(struct GLFWwindow *,double,double)" (?mouse_callback@@YAXPEAUGLFWwindow@@NN@Z)
main.obj : error LNK2019: unresolved external symbol glfwMakeContextCurrent referenced in function main
main.obj : error LNK2019: unresolved external symbol glfwSwapBuffers referenced in function main
main.obj : error LNK2019: unresolved external symbol glfwGetProcAddress referenced in function main
C:\Projects\OpenGL-Course\\dependencies\glfw\lib\glfw3.lib : warning LNK4272: library machine type 'x86' conflicts with target machine type 'x64'
C:\Projects\OpenGL-Course\x64\Debug\GEngine-3D.exe : fatal error LNK1120: 36 unresolved externals
