z:\projects\opengl-course\gengine-3d\debug\vc143.pdb
z:\projects\opengl-course\gengine-3d\debug\vc143.idb
z:\projects\opengl-course\gengine-3d\debug\shader.obj
z:\projects\opengl-course\gengine-3d\debug\texture.obj
z:\projects\opengl-course\gengine-3d\debug\mesh.obj
z:\projects\opengl-course\gengine-3d\debug\cube.obj
z:\projects\opengl-course\gengine-3d\debug\camera.obj
z:\projects\opengl-course\gengine-3d\debug\main.obj
z:\projects\opengl-course\gengine-3d\debug\stb_image.obj
z:\projects\opengl-course\gengine-3d\debug\imgui_widgets.obj
z:\projects\opengl-course\gengine-3d\debug\imgui_tables.obj
z:\projects\opengl-course\gengine-3d\debug\imgui_impl_win32.obj
z:\projects\opengl-course\gengine-3d\debug\imgui_impl_opengl3.obj
z:\projects\opengl-course\gengine-3d\debug\imgui_draw.obj
z:\projects\opengl-course\gengine-3d\debug\imgui_demo.obj
z:\projects\opengl-course\gengine-3d\debug\imgui.obj
z:\projects\opengl-course\gengine-3d\debug\glad.obj
z:\projects\opengl-course\gengine-3d\debug\imgui_impl_glfw.obj
z:\projects\opengl-course\gengine-3d\debug\gengine-3d.ilk
z:\projects\opengl-course\debug\gengine-3d.pdb
z:\projects\opengl-course\gengine-3d\debug\gengine-3d.tlog\cl.command.1.tlog
z:\projects\opengl-course\gengine-3d\debug\gengine-3d.tlog\cl.items.tlog
z:\projects\opengl-course\gengine-3d\debug\gengine-3d.tlog\cl.read.1.tlog
z:\projects\opengl-course\gengine-3d\debug\gengine-3d.tlog\cl.write.1.tlog
z:\projects\opengl-course\gengine-3d\debug\gengine-3d.tlog\link.6996-cvtres.read.1.tlog
z:\projects\opengl-course\gengine-3d\debug\gengine-3d.tlog\link.6996-cvtres.write.1.tlog
z:\projects\opengl-course\gengine-3d\debug\gengine-3d.tlog\link.6996-rc.read.1.tlog
z:\projects\opengl-course\gengine-3d\debug\gengine-3d.tlog\link.6996-rc.write.1.tlog
z:\projects\opengl-course\gengine-3d\debug\gengine-3d.tlog\link.6996.read.1.tlog
z:\projects\opengl-course\gengine-3d\debug\gengine-3d.tlog\link.6996.write.1.tlog
z:\projects\opengl-course\gengine-3d\debug\gengine-3d.tlog\link.command.1.tlog
z:\projects\opengl-course\gengine-3d\debug\gengine-3d.tlog\link.read.1.tlog
z:\projects\opengl-course\gengine-3d\debug\gengine-3d.tlog\link.secondary.1.tlog
z:\projects\opengl-course\gengine-3d\debug\gengine-3d.tlog\link.write.1.tlog
